#
# There is insufficient memory for the Java Runtime Environment to continue.
# Native memory allocation (mmap) failed to map 199229440 bytes for G1 virtual space
# Possible reasons:
#   The system is out of physical RAM or swap space
#   The process is running with CompressedOops enabled, and the Java Heap may be blocking the growth of the native heap
# Possible solutions:
#   Reduce memory load on the system
#   Increase physical memory or swap space
#   Check if swap backing store is full
#   Decrease Java heap size (-Xmx/-Xms)
#   Decrease number of Java threads
#   Decrease Java thread stack sizes (-Xss)
#   Set larger code cache with -XX:ReservedCodeCacheSize=
#   JVM is running with Zero Based Compressed Oops mode in which the Java heap is
#     placed in the first 32GB address space. The Java Heap base address is the
#     maximum limit for the native heap growth. Please use -XX:HeapBaseMinAddress
#     to set the Java Heap base and to place the Java Heap above 32GB virtual address.
# This output file may be truncated or incomplete.
#
#  Out of Memory Error (./open/src/hotspot/os/windows/os_windows.cpp:3321), pid=20812, tid=6820
#
# JRE version:  (15.0.2+7) (build )
# Java VM: Java HotSpot(TM) 64-Bit Server VM (15.0.2+7-27, mixed mode, sharing, tiered, compressed oops, g1 gc, windows-amd64)
# No core dump will be written. Minidumps are not enabled by default on client versions of Windows
#

---------------  S U M M A R Y ------------

Command Line: -Dfile.encoding=UTF-8 -XX:+ShowCodeDetailsInExceptionMessages main.Main

Host: Intel(R) Core(TM) i3-8130U CPU @ 2.20GHz, 4 cores, 11G,  Windows 10 , 64 bit Build 22000 (10.0.22000.434)
Time: Wed Apr 20 19:44:09 2022 SE Asia Standard Time elapsed time: 0.045507 seconds (0d 0h 0m 0s)

---------------  T H R E A D  ---------------

Current thread (0x00000172ba4cda30):  JavaThread "Unknown thread" [_thread_in_vm, id=6820, stack(0x0000001b7bd00000,0x0000001b7be00000)]

Stack: [0x0000001b7bd00000,0x0000001b7be00000]
Native frames: (J=compiled Java code, j=interpreted, Vv=VM code, C=native code)
V  [jvm.dll+0x62ae9a]
V  [jvm.dll+0x7817a9]
V  [jvm.dll+0x782f03]
V  [jvm.dll+0x783563]
V  [jvm.dll+0x216325]
V  [jvm.dll+0x6281d9]
V  [jvm.dll+0x61cf55]
V  [jvm.dll+0x2cffdd]
V  [jvm.dll+0x2cfe42]
V  [jvm.dll+0x2d5e1c]
V  [jvm.dll+0x32590a]
V  [jvm.dll+0x324fd4]
V  [jvm.dll+0x2a6f5a]
V  [jvm.dll+0x2a80f8]
V  [jvm.dll+0x75e241]
V  [jvm.dll+0x3341c4]
V  [jvm.dll+0x73e926]
V  [jvm.dll+0x3b7557]
V  [jvm.dll+0x3b8fe1]
C  [jli.dll+0x52fb]
C  [ucrtbase.dll+0x26c0c]
C  [KERNEL32.DLL+0x154e0]
C  [ntdll.dll+0x485b]


---------------  P R O C E S S  ---------------

Threads class SMR info:
_java_thread_list=0x00007ffe6da64ff0, length=0, elements={
}

Java Threads: ( => current thread )

Other Threads:
  0x00000172ba512cf0 GCTaskThread "GC Thread#0" [stack: 0x0000001b7be00000,0x0000001b7bf00000] [id=15928]
  0x00000172ba520d50 ConcurrentGCThread "G1 Main Marker" [stack: 0x0000001b7bf00000,0x0000001b7c000000] [id=4800]
  0x00000172ba5230f0 ConcurrentGCThread "G1 Conc#0" [stack: 0x0000001b7c000000,0x0000001b7c100000] [id=9776]

[error occurred during error reporting (printing all threads), id 0xc0000005, EXCEPTION_ACCESS_VIOLATION (0xc0000005) at pc=0x00007ffe6d257e27]

VM state: not at safepoint (not fully initialized)

VM Mutex/Monitor currently owned by a thread:  ([mutex/lock_event])
[0x00000172ba4cb7a0] Heap_lock - owner thread: 0x00000172ba4cda30

Heap address: 0x0000000742000000, size: 3040 MB, Compressed Oops mode: Zero based, Oop shift amount: 3
CDS archive(s) mapped at: [0x0000000000000000-0x0000000000000000-0x0000000000000000), size 0, SharedBaseAddress: 0x0000000800000000, ArchiveRelocationMode: 0.
Narrow klass base: 0x0000000000000000, Narrow klass shift: 0, Narrow klass range: 0x0

Heap:
 garbage-first heap   total 194560K, used 0K [0x0000000742000000, 0x0000000800000000)
  region size 2048K, 0 young (0K), 0 survivors (0K)
 Metaspace       used 0K, capacity 0K, committed 0K, reserved 0K
  class space    used 0K, capacity 0K, committed 0K, reserved 0K

Heap Regions: E=young(eden), S=young(survivor), O=old, HS=humongous(starts), HC=humongous(continues), CS=collection set, F=free, OA=open archive, CA=closed archive, TAMS=top-at-mark-start (previous, next)

Card table byte_map: [0x00000172d1d00000,0x00000172d22f0000] _byte_map_base: 0x00000172ce2f0000

Marking Bits (Prev, Next): (CMBitMap*) 0x00000172ba513560, (CMBitMap*) 0x00000172ba5135a0
 Prev Bits: [0x00000172d28e0000, 0x00000172d5860000)
 Next Bits: [0x00000172d5860000, 0x00000172d87e0000)

GC Heap History (0 events):
No events

Deoptimization events (0 events):
No events

Classes unloaded (0 events):
No events

Classes redefined (0 events):
No events

Internal exceptions (0 events):
No events

Events (1 events):
Event: 0.025 Loaded shared library C:\Program Files\Java\jdk-15.0.2\bin\java.dll


Dynamic libraries:
0x00007ff609bb0000 - 0x00007ff609bbf000 	C:\Program Files\Java\jdk-15.0.2\bin\javaw.exe
0x00007ffec0b20000 - 0x00007ffec0d29000 	C:\WINDOWS\SYSTEM32\ntdll.dll
0x00007ffebf970000 - 0x00007ffebfa2d000 	C:\WINDOWS\System32\KERNEL32.DLL
0x00007ffebe2c0000 - 0x00007ffebe634000 	C:\WINDOWS\System32\KERNELBASE.dll
0x00007ffebe640000 - 0x00007ffebe751000 	C:\WINDOWS\System32\ucrtbase.dll
0x00007ffe9f9e0000 - 0x00007ffe9f9f9000 	C:\Program Files\Java\jdk-15.0.2\bin\VCRUNTIME140.dll
0x00007ffe9fa00000 - 0x00007ffe9fa18000 	C:\Program Files\Java\jdk-15.0.2\bin\jli.dll
0x00007ffebfa40000 - 0x00007ffebfaee000 	C:\WINDOWS\System32\ADVAPI32.dll
0x00007ffec04a0000 - 0x00007ffec0543000 	C:\WINDOWS\System32\msvcrt.dll
0x00007ffebf480000 - 0x00007ffebf51e000 	C:\WINDOWS\System32\sechost.dll
0x00007ffebf6f0000 - 0x00007ffebf810000 	C:\WINDOWS\System32\RPCRT4.dll
0x00007ffec0170000 - 0x00007ffec031c000 	C:\WINDOWS\System32\USER32.dll
0x00007ffebe290000 - 0x00007ffebe2b6000 	C:\WINDOWS\System32\win32u.dll
0x00007ffebf520000 - 0x00007ffebf549000 	C:\WINDOWS\System32\GDI32.dll
0x00007ffea0e40000 - 0x00007ffea10e5000 	C:\WINDOWS\WinSxS\amd64_microsoft.windows.common-controls_6595b64144ccf1df_6.0.22000.120_none_9d947278b86cc467\COMCTL32.dll
0x00007ffebe760000 - 0x00007ffebe872000 	C:\WINDOWS\System32\gdi32full.dll
0x00007ffebe080000 - 0x00007ffebe11d000 	C:\WINDOWS\System32\msvcp_win.dll
0x00007ffeb8450000 - 0x00007ffeb845a000 	C:\WINDOWS\SYSTEM32\VERSION.dll
0x00007ffebe9c0000 - 0x00007ffebe9f1000 	C:\WINDOWS\System32\IMM32.DLL
0x00007ffea8510000 - 0x00007ffea851c000 	C:\Program Files\Java\jdk-15.0.2\bin\vcruntime140_1.dll
0x00007ffe9aeb0000 - 0x00007ffe9af41000 	C:\Program Files\Java\jdk-15.0.2\bin\msvcp140.dll
0x00007ffe6cfa0000 - 0x00007ffe6dafe000 	C:\Program Files\Java\jdk-15.0.2\bin\server\jvm.dll
0x00007ffebfa30000 - 0x00007ffebfa38000 	C:\WINDOWS\System32\PSAPI.DLL
0x00007ffeb8f10000 - 0x00007ffeb8f19000 	C:\WINDOWS\SYSTEM32\WSOCK32.dll
0x00007ffeb8c10000 - 0x00007ffeb8c43000 	C:\WINDOWS\SYSTEM32\WINMM.dll
0x00007ffec05e0000 - 0x00007ffec064f000 	C:\WINDOWS\System32\WS2_32.dll
0x00007ffebd1c0000 - 0x00007ffebd1d8000 	C:\WINDOWS\SYSTEM32\kernel.appcore.dll
0x00007ffeb9c40000 - 0x00007ffeb9c4a000 	C:\Program Files\Java\jdk-15.0.2\bin\jimage.dll
0x00007ffebbd60000 - 0x00007ffebbf81000 	C:\WINDOWS\SYSTEM32\DBGHELP.DLL
0x00007ffe946c0000 - 0x00007ffe946f1000 	C:\WINDOWS\SYSTEM32\dbgcore.DLL
0x00007ffebe940000 - 0x00007ffebe9bf000 	C:\WINDOWS\System32\bcryptPrimitives.dll
0x00007ffe9faa0000 - 0x00007ffe9fac5000 	C:\Program Files\Java\jdk-15.0.2\bin\java.dll

dbghelp: loaded successfully - version: 4.0.5 - missing functions: none
symbol engine: initialized successfully - sym options: 0x614 - pdb path: .;C:\Program Files\Java\jdk-15.0.2\bin;C:\WINDOWS\SYSTEM32;C:\WINDOWS\WinSxS\amd64_microsoft.windows.common-controls_6595b64144ccf1df_6.0.22000.120_none_9d947278b86cc467;C:\Program Files\Java\jdk-15.0.2\bin\server

VM Arguments:
jvm_args: -Dfile.encoding=UTF-8 -XX:+ShowCodeDetailsInExceptionMessages 
java_command: main.Main
java_class_path (initial): D:\Programmes\mysql-connector-java-8.0.27\mysql-connector-java-8.0.27.jar;D:\HOCKY2-2021-2022\htql_tbdd\bin
Launcher Type: SUN_STANDARD

[Global flags]
     intx CICompilerCount                          = 3                                         {product} {ergonomic}
     uint ConcGCThreads                            = 1                                         {product} {ergonomic}
     uint G1ConcRefinementThreads                  = 4                                         {product} {ergonomic}
   size_t G1HeapRegionSize                         = 2097152                                   {product} {ergonomic}
    uintx GCDrainStackTargetSize                   = 64                                        {product} {ergonomic}
   size_t InitialHeapSize                          = 199229440                                 {product} {ergonomic}
   size_t MarkStackSize                            = 4194304                                   {product} {ergonomic}
   size_t MaxHeapSize                              = 3187671040                                {product} {ergonomic}
   size_t MinHeapDeltaBytes                        = 2097152                                   {product} {ergonomic}
   size_t MinHeapSize                              = 8388608                                   {product} {ergonomic}
    uintx NonNMethodCodeHeapSize                   = 5832780                                {pd product} {ergonomic}
    uintx NonProfiledCodeHeapSize                  = 122912730                              {pd product} {ergonomic}
    uintx ProfiledCodeHeapSize                     = 122912730                              {pd product} {ergonomic}
    uintx ReservedCodeCacheSize                    = 251658240                              {pd product} {ergonomic}
     bool SegmentedCodeCache                       = true                                      {product} {ergonomic}
     bool ShowCodeDetailsInExceptionMessages       = true                                   {manageable} {command line}
   size_t SoftMaxHeapSize                          = 3187671040                             {manageable} {ergonomic}
     bool UseCompressedClassPointers               = true                                 {lp64_product} {ergonomic}
     bool UseCompressedOops                        = true                                 {lp64_product} {ergonomic}
     bool UseG1GC                                  = true                                      {product} {ergonomic}
     bool UseLargePagesIndividualAllocation        = false                                  {pd product} {ergonomic}

Logging:
Log output configuration:
 #0: stdout all=warning uptime,level,tags
 #1: stderr all=off uptime,level,tags

Environment Variables:
PATH=C:/Program Files/Java/jdk-15.0.2/bin/server;C:/Program Files/Java/jdk-15.0.2/bin;C:\Program Files\Java\jdk-15.0.2\bin;D:\XAMPP\php;C:\ProgramData\ComposerSetup\bin;C:\WINDOWS\system32;C:\WINDOWS;C:\WINDOWS\System32\Wbem;C:\WINDOWS\System32\WindowsPowerShell\v1.0\;C:\WINDOWS\System32\OpenSSH\;D:\Apps\cmd;C:\Users\HP\AppData\Local\Programs\Python\Python39\Scripts\;C:\Users\HP\AppData\Local\Programs\Python\Python39\;C:\Users\HP\AppData\Local\Microsoft\WindowsApps;D:\USB\Microsoft VS Code\bin;C:\Users\HP\AppData\Local\Programs\Microsoft VS Code\bin;C:\Users\HP\AppData\Roaming\Composer\vendor\bin;C:\Users\HP\AppData\Local\atom\bin;%USERPROFILE%\AppData\Local\Microsoft\WindowsApps;;C:\Users\HP\Documents\Desktop;
USERNAME=HP
OS=Windows_NT
PROCESSOR_IDENTIFIER=Intel64 Family 6 Model 142 Stepping 10, GenuineIntel



---------------  S Y S T E M  ---------------

OS:
 Windows 10 , 64 bit Build 22000 (10.0.22000.434)
OS uptime: 2 days 19:38 hours
HyperV virtualization detected

CPU: total 4 (initial active 4) (2 cores per cpu, 2 threads per core) family 6 model 142 stepping 10 microcode 0xe0, cmov, cx8, fxsr, mmx, sse, sse2, sse3, ssse3, sse4.1, sse4.2, popcnt, vzeroupper, avx, avx2, aes, clmul, erms, 3dnowpref, lzcnt, ht, tsc, tscinvbit, bmi1, bmi2, adx, fma, clflush, clflushopt

Memory: 4k page, system-wide physical 12156M (3290M free)
TotalPageFile size 20136M (AvailPageFile size 92M)
current process WorkingSet (physical memory assigned to process): 10M, peak: 10M
current process commit charge ("private bytes"): 51M, peak: 241M

vm_info: Java HotSpot(TM) 64-Bit Server VM (15.0.2+7-27) for windows-amd64 JRE (15.0.2+7-27), built on Dec  7 2020 20:07:01 by "mach5one" with unknown MS VC++:1925

END.
